0:f9400002
4:f900003f
8:14000002
c:91000442
10:39c00043
14:7100b47f
18:54000100
1c:7100c07f
20:54000260
24:7100c47f
28:540007eb
2c:7100e47f
30:540006cd
34:1400003c
38:38c01c43
3c:7100c07f
40:5400072b
44:7100e47f
48:5400004d
4c:14000036
50:f9000022
54:38c01c43
58:7100c07f
5c:5400064b
60:7100e47f
64:54ffff6d
68:14000032
6c:38c01c43
70:7100c07f
74:5400058b
78:7100dc7f
7c:5400008d
80:7101e07f
84:54000080
88:14000027
8c:f9000022
90:14000028
94:38c01c43
98:7100c07f
9c:5400044b
a0:7100e47f
a4:5400014d
a8:7101047f
ac:540003cb
b0:7101187f
b4:540000cd
b8:7101847f
bc:5400034b
c0:7101987f
c4:5400004d
c8:14000017
cc:f9000022
d0:38c01c43
d4:7100c07f
d8:5400026b
dc:7100e47f
e0:54ffff6d
e4:7101047f
e8:540001eb
ec:7101187f
f0:54fffeed
f4:7101847f
f8:5400016b
fc:7101987f
100:54fffe6d
104:1400000b
108:f9000022
10c:38c01c43
110:7100c07f
114:5400008b
118:7100e47f
11c:54ffff6d
120:14000004
124:f9400024
128:f100009f
12c:54000060
130:d2800020
134:d65f03c0
138:39c00043
13c:7100c07f
140:54000100
144:7100287f
148:540000c0
14c:f9400004
150:91000484
154:f9000004
158:aa0403e2
15c:17ffffad
160:aa1f03e0
164:d65f03c0
