Disassemblyof
0:f9400002
4:f900003f
8:14000002
c:91000442
10:39c00043
14:7100b47f
18:54000100
1c:7100c07f
20:54000260
24:7100c47f
28:5400084b
2c:7100e47f
30:540006c9
34:1400003c
38:38c01c43
3c:7100c07f
40:5400078b
44:7100e47f
48:54000049
4c:14000036
50:f9000022
54:38c01c43
58:7100c07f
5c:540006ab
60:7100e47f
64:54ffff69
68:14000032
6c:38c01c43
70:7100c07f
74:540005eb
78:7100dc7f
7c:54000089
80:7101e07f
84:54000080
88:14000027
8c:f9000022
90:14000028
94:38c01c43
98:7100c07f
9c:540004ab
a0:7100e47f
a4:54000149
a8:7101047f
ac:5400042b
b0:7101187f
b4:540000c9
b8:7101847f
bc:540003ab
c0:7101987f
c4:54000049
c8:14000017
cc:f9000022
d0:38c01c43
d4:7100c07f
d8:540002cb
dc:7100e47f
e0:54ffff69
e4:7101047f
e8:5400024b
ec:7101187f
f0:54fffee9
f4:7101847f
f8:540001cb
fc:7101987f
100:54fffe69
104:1400000b
108:f9000022
10c:38c01c43
110:7100c07f
114:540000eb
118:7100e47f
11c:54ffff69
120:14000004
124:f9400024
128:f100009f
12c:54000060
130:d2800020
134:d65f03c0
138:39c00043
13c:7100007f
140:54000100
144:7100287f
148:540000c0
14c:f9400004
150:91000484
154:f9000004
158:aa0403e2
15c:17ffffad
160:aa1f03e0
164:d65f03c0
